<?xml version="1.0" encoding="UTF-8"?>
<coverage generated="1693245817260" clover="3.2.0">
  <project timestamp="1693245817260" name="All files">
    <metrics statements="8" coveredstatements="8" conditionals="2" coveredconditionals="2" methods="2" coveredmethods="2" elements="12" coveredelements="12" complexity="0" loc="8" ncloc="8" packages="1" files="1" classes="1"/>
    <file name="posts.factories.ts" path="D:\Windows\Driven\projeto22-social-postify\test\factories\posts.factories.ts">
      <metrics statements="8" coveredstatements="8" conditionals="2" coveredconditionals="2" methods="2" coveredmethods="2"/>
      <line num="2" count="1" type="stmt"/>
      <line num="4" count="1" type="stmt"/>
      <line num="10" count="7" type="cond" truecount="2" falsecount="0"/>
      <line num="11" count="5" type="stmt"/>
      <line num="14" count="2" type="stmt"/>
      <line num="16" count="7" type="stmt"/>
      <line num="22" count="1" type="stmt"/>
      <line num="23" count="10" type="stmt"/>
    </file>
  </project>
</coverage>
