{"D:\\Windows\\Driven\\projeto22-social-postify\\test\\factories\\medias.factories.ts": {"path":"D:\\Windows\\Driven\\projeto22-social-postify\\test\\factories\\medias.factories.ts","statementMap":{"0":{"start":{"line":2,"column":0},"end":{"line":2,"column":40}},"1":{"start":{"line":5,"column":17},"end":{"line":5,"column":83}},"2":{"start":{"line":6,"column":4},"end":{"line":8,"column":null}},"3":{"start":{"line":4,"column":0},"end":{"line":4,"column":7}},"4":{"start":{"line":13,"column":4},"end":{"line":13,"column":null}},"5":{"start":{"line":12,"column":0},"end":{"line":12,"column":7}}},"fnMap":{"0":{"name":"createMedias","decl":{"start":{"line":4,"column":22},"end":{"line":4,"column":34}},"loc":{"start":{"line":4,"column":55},"end":{"line":10,"column":1}}},"1":{"name":"deleteMediaItens","decl":{"start":{"line":12,"column":22},"end":{"line":12,"column":38}},"loc":{"start":{"line":12,"column":59},"end":{"line":15,"column":1}}}},"branchMap":{},"s":{"0":3,"1":21,"2":21,"3":3,"4":25,"5":3},"f":{"0":21,"1":25},"b":{}}
,"D:\\Windows\\Driven\\projeto22-social-postify\\test\\factories\\posts.factories.ts": {"path":"D:\\Windows\\Driven\\projeto22-social-postify\\test\\factories\\posts.factories.ts","statementMap":{"0":{"start":{"line":2,"column":0},"end":{"line":2,"column":40}},"1":{"start":{"line":10,"column":4},"end":{"line":15,"column":null}},"2":{"start":{"line":11,"column":8},"end":{"line":11,"column":null}},"3":{"start":{"line":14,"column":8},"end":{"line":14,"column":null}},"4":{"start":{"line":16,"column":4},"end":{"line":18,"column":null}},"5":{"start":{"line":4,"column":0},"end":{"line":4,"column":7}},"6":{"start":{"line":23,"column":4},"end":{"line":23,"column":null}},"7":{"start":{"line":22,"column":0},"end":{"line":22,"column":7}}},"fnMap":{"0":{"name":"createPosts","decl":{"start":{"line":4,"column":22},"end":{"line":4,"column":33}},"loc":{"start":{"line":4,"column":69},"end":{"line":20,"column":1}}},"1":{"name":"deletePostsItens","decl":{"start":{"line":22,"column":22},"end":{"line":22,"column":38}},"loc":{"start":{"line":22,"column":59},"end":{"line":25,"column":1}}}},"branchMap":{"0":{"loc":{"start":{"line":10,"column":4},"end":{"line":15,"column":null}},"type":"if","locations":[{"start":{"line":10,"column":4},"end":{"line":15,"column":null}},{"start":{"line":13,"column":8},"end":{"line":15,"column":null}}]}},"s":{"0":3,"1":18,"2":12,"3":6,"4":18,"5":3,"6":23,"7":3},"f":{"0":18,"1":23},"b":{"0":[12,6]}}
,"D:\\Windows\\Driven\\projeto22-social-postify\\test\\factories\\publications.factories.ts": {"path":"D:\\Windows\\Driven\\projeto22-social-postify\\test\\factories\\publications.factories.ts","statementMap":{"0":{"start":{"line":2,"column":0},"end":{"line":2,"column":40}},"1":{"start":{"line":5,"column":21},"end":{"line":5,"column":133}},"2":{"start":{"line":6,"column":4},"end":{"line":8,"column":null}},"3":{"start":{"line":4,"column":0},"end":{"line":4,"column":7}},"4":{"start":{"line":12,"column":17},"end":{"line":12,"column":129}},"5":{"start":{"line":13,"column":0},"end":{"line":15,"column":null}},"6":{"start":{"line":11,"column":0},"end":{"line":11,"column":7}},"7":{"start":{"line":19,"column":4},"end":{"line":19,"column":null}},"8":{"start":{"line":18,"column":0},"end":{"line":18,"column":7}}},"fnMap":{"0":{"name":"createFuturePublication","decl":{"start":{"line":4,"column":22},"end":{"line":4,"column":45}},"loc":{"start":{"line":4,"column":97},"end":{"line":10,"column":1}}},"1":{"name":"createPastPublication","decl":{"start":{"line":11,"column":22},"end":{"line":11,"column":43}},"loc":{"start":{"line":11,"column":95},"end":{"line":17,"column":1}}},"2":{"name":"deletePublicationItens","decl":{"start":{"line":18,"column":22},"end":{"line":18,"column":44}},"loc":{"start":{"line":18,"column":65},"end":{"line":21,"column":1}}}},"branchMap":{},"s":{"0":3,"1":9,"2":9,"3":3,"4":1,"5":1,"6":3,"7":36,"8":3},"f":{"0":9,"1":1,"2":36},"b":{}}
}
