TN:
SF:test\factories\medias.factories.ts
FN:4,createMedias
FN:12,deleteMediaItens
FNF:2
FNH:2
FNDA:21,createMedias
FNDA:25,deleteMediaItens
DA:2,3
DA:4,3
DA:5,21
DA:6,21
DA:12,3
DA:13,25
LF:6
LH:6
BRF:0
BRH:0
end_of_record
TN:
SF:test\factories\posts.factories.ts
FN:4,createPosts
FN:22,deletePostsItens
FNF:2
FNH:2
FNDA:18,createPosts
FNDA:23,deletePostsItens
DA:2,3
DA:4,3
DA:10,18
DA:11,12
DA:14,6
DA:16,18
DA:22,3
DA:23,23
LF:8
LH:8
BRDA:10,0,0,12
BRDA:10,0,1,6
BRF:2
BRH:2
end_of_record
TN:
SF:test\factories\publications.factories.ts
FN:4,createFuturePublication
FN:11,createPastPublication
FN:18,deletePublicationItens
FNF:3
FNH:3
FNDA:9,createFuturePublication
FNDA:1,createPastPublication
FNDA:36,deletePublicationItens
DA:2,3
DA:4,3
DA:5,9
DA:6,9
DA:11,3
DA:12,1
DA:13,1
DA:18,3
DA:19,36
LF:9
LH:9
BRF:0
BRH:0
end_of_record
